mode: set
github.com/238855/rqm/go-cli/main.go:9.13,11.2 1 0
github.com/238855/rqm/go-cli/cmd/check.go:35.54,39.50 2 1
github.com/238855/rqm/go-cli/cmd/check.go:39.50,41.4 1 1
github.com/238855/rqm/go-cli/cmd/check.go:44.3,45.26 2 1
github.com/238855/rqm/go-cli/cmd/check.go:45.26,47.4 1 0
github.com/238855/rqm/go-cli/cmd/check.go:50.3,55.65 4 1
github.com/238855/rqm/go-cli/cmd/check.go:55.65,57.4 1 1
github.com/238855/rqm/go-cli/cmd/check.go:60.3,62.24 2 1
github.com/238855/rqm/go-cli/cmd/check.go:62.24,66.4 3 1
github.com/238855/rqm/go-cli/cmd/check.go:69.3,70.39 2 0
github.com/238855/rqm/go-cli/cmd/check.go:70.39,72.31 2 0
github.com/238855/rqm/go-cli/cmd/check.go:72.31,73.26 1 0
github.com/238855/rqm/go-cli/cmd/check.go:73.26,75.6 1 0
github.com/238855/rqm/go-cli/cmd/check.go:75.11,77.26 2 0
github.com/238855/rqm/go-cli/cmd/check.go:77.26,79.7 1 0
github.com/238855/rqm/go-cli/cmd/check.go:82.4,82.17 1 0
github.com/238855/rqm/go-cli/cmd/check.go:85.3,88.52 3 0
github.com/238855/rqm/go-cli/cmd/check.go:100.54,104.50 2 1
github.com/238855/rqm/go-cli/cmd/check.go:104.50,106.4 1 1
github.com/238855/rqm/go-cli/cmd/check.go:109.3,110.26 2 1
github.com/238855/rqm/go-cli/cmd/check.go:110.26,112.4 1 0
github.com/238855/rqm/go-cli/cmd/check.go:115.3,117.26 3 1
github.com/238855/rqm/go-cli/cmd/check.go:117.26,119.4 1 0
github.com/238855/rqm/go-cli/cmd/check.go:122.3,123.65 2 1
github.com/238855/rqm/go-cli/cmd/check.go:123.65,125.4 1 0
github.com/238855/rqm/go-cli/cmd/check.go:128.3,130.29 2 1
github.com/238855/rqm/go-cli/cmd/check.go:130.29,133.4 2 0
github.com/238855/rqm/go-cli/cmd/check.go:136.3,136.40 1 1
github.com/238855/rqm/go-cli/cmd/check.go:136.40,137.22 1 1
github.com/238855/rqm/go-cli/cmd/check.go:137.22,139.5 1 1
github.com/238855/rqm/go-cli/cmd/check.go:139.10,141.5 1 0
github.com/238855/rqm/go-cli/cmd/check.go:144.3,145.23 2 1
github.com/238855/rqm/go-cli/cmd/check.go:145.23,147.4 1 0
github.com/238855/rqm/go-cli/cmd/check.go:147.9,149.4 1 1
github.com/238855/rqm/go-cli/cmd/check.go:151.3,151.13 1 1
github.com/238855/rqm/go-cli/cmd/check.go:155.13,158.2 2 1
github.com/238855/rqm/go-cli/cmd/list.go:34.54,38.50 2 1
github.com/238855/rqm/go-cli/cmd/list.go:38.50,40.4 1 1
github.com/238855/rqm/go-cli/cmd/list.go:43.3,44.26 2 1
github.com/238855/rqm/go-cli/cmd/list.go:44.26,46.4 1 0
github.com/238855/rqm/go-cli/cmd/list.go:49.3,51.26 3 1
github.com/238855/rqm/go-cli/cmd/list.go:51.26,53.4 1 0
github.com/238855/rqm/go-cli/cmd/list.go:56.3,57.65 2 1
github.com/238855/rqm/go-cli/cmd/list.go:57.65,59.4 1 0
github.com/238855/rqm/go-cli/cmd/list.go:62.3,62.23 1 1
github.com/238855/rqm/go-cli/cmd/list.go:63.15,64.31 1 1
github.com/238855/rqm/go-cli/cmd/list.go:65.15,66.37 1 1
github.com/238855/rqm/go-cli/cmd/list.go:67.16,68.25 1 1
github.com/238855/rqm/go-cli/cmd/list.go:69.11,70.64 1 0
github.com/238855/rqm/go-cli/cmd/list.go:73.3,73.13 1 1
github.com/238855/rqm/go-cli/cmd/list.go:112.65,115.51 2 1
github.com/238855/rqm/go-cli/cmd/list.go:115.51,118.3 2 1
github.com/238855/rqm/go-cli/cmd/list.go:121.2,122.51 2 1
github.com/238855/rqm/go-cli/cmd/list.go:122.51,124.3 1 0
github.com/238855/rqm/go-cli/cmd/list.go:125.2,126.12 2 1
github.com/238855/rqm/go-cli/cmd/list.go:129.59,131.29 2 1
github.com/238855/rqm/go-cli/cmd/list.go:131.29,133.40 2 1
github.com/238855/rqm/go-cli/cmd/list.go:133.40,135.4 1 1
github.com/238855/rqm/go-cli/cmd/list.go:137.2,138.42 2 1
github.com/238855/rqm/go-cli/cmd/list.go:138.42,140.3 1 1
github.com/238855/rqm/go-cli/cmd/list.go:143.78,146.16 2 1
github.com/238855/rqm/go-cli/cmd/list.go:146.16,148.3 1 0
github.com/238855/rqm/go-cli/cmd/list.go:150.2,155.13 4 1
github.com/238855/rqm/go-cli/cmd/list.go:155.13,156.22 1 1
github.com/238855/rqm/go-cli/cmd/list.go:156.22,158.4 1 1
github.com/238855/rqm/go-cli/cmd/list.go:159.3,159.28 1 1
github.com/238855/rqm/go-cli/cmd/list.go:159.28,161.22 2 1
github.com/238855/rqm/go-cli/cmd/list.go:161.22,163.5 1 0
github.com/238855/rqm/go-cli/cmd/list.go:164.4,164.53 1 1
github.com/238855/rqm/go-cli/cmd/list.go:166.3,166.24 1 1
github.com/238855/rqm/go-cli/cmd/list.go:166.24,168.4 1 1
github.com/238855/rqm/go-cli/cmd/list.go:172.2,172.44 1 1
github.com/238855/rqm/go-cli/cmd/list.go:172.44,174.27 1 1
github.com/238855/rqm/go-cli/cmd/list.go:174.27,175.12 1 0
github.com/238855/rqm/go-cli/cmd/list.go:177.3,181.13 4 1
github.com/238855/rqm/go-cli/cmd/list.go:181.13,183.4 1 1
github.com/238855/rqm/go-cli/cmd/list.go:183.9,185.4 1 0
github.com/238855/rqm/go-cli/cmd/list.go:186.3,187.14 2 1
github.com/238855/rqm/go-cli/cmd/list.go:187.14,189.4 1 0
github.com/238855/rqm/go-cli/cmd/list.go:192.3,192.71 1 1
github.com/238855/rqm/go-cli/cmd/list.go:196.105,198.16 2 1
github.com/238855/rqm/go-cli/cmd/list.go:198.16,200.3 1 0
github.com/238855/rqm/go-cli/cmd/list.go:202.2,207.13 4 1
github.com/238855/rqm/go-cli/cmd/list.go:207.13,208.22 1 1
github.com/238855/rqm/go-cli/cmd/list.go:208.22,210.4 1 1
github.com/238855/rqm/go-cli/cmd/list.go:211.3,211.28 1 1
github.com/238855/rqm/go-cli/cmd/list.go:211.28,213.22 2 0
github.com/238855/rqm/go-cli/cmd/list.go:213.22,215.5 1 0
github.com/238855/rqm/go-cli/cmd/list.go:216.4,216.58 1 0
github.com/238855/rqm/go-cli/cmd/list.go:218.3,218.24 1 1
github.com/238855/rqm/go-cli/cmd/list.go:218.24,220.4 1 0
github.com/238855/rqm/go-cli/cmd/list.go:224.2,224.44 1 1
github.com/238855/rqm/go-cli/cmd/list.go:224.44,226.27 1 0
github.com/238855/rqm/go-cli/cmd/list.go:226.27,227.12 1 0
github.com/238855/rqm/go-cli/cmd/list.go:229.3,233.13 4 0
github.com/238855/rqm/go-cli/cmd/list.go:233.13,236.4 2 0
github.com/238855/rqm/go-cli/cmd/list.go:236.9,239.4 2 0
github.com/238855/rqm/go-cli/cmd/list.go:240.3,240.78 1 0
github.com/238855/rqm/go-cli/cmd/list.go:244.46,248.42 3 1
github.com/238855/rqm/go-cli/cmd/list.go:248.42,250.3 1 1
github.com/238855/rqm/go-cli/cmd/list.go:253.52,255.16 2 1
github.com/238855/rqm/go-cli/cmd/list.go:255.16,257.3 1 1
github.com/238855/rqm/go-cli/cmd/list.go:258.2,259.23 2 1
github.com/238855/rqm/go-cli/cmd/list.go:259.23,261.3 1 1
github.com/238855/rqm/go-cli/cmd/list.go:262.2,263.17 2 1
github.com/238855/rqm/go-cli/cmd/list.go:263.17,265.3 1 1
github.com/238855/rqm/go-cli/cmd/list.go:266.2,267.20 2 1
github.com/238855/rqm/go-cli/cmd/list.go:267.20,269.3 1 1
github.com/238855/rqm/go-cli/cmd/list.go:270.2,271.18 2 1
github.com/238855/rqm/go-cli/cmd/list.go:271.18,273.3 1 1
github.com/238855/rqm/go-cli/cmd/list.go:275.2,278.44 2 1
github.com/238855/rqm/go-cli/cmd/list.go:278.44,280.27 1 1
github.com/238855/rqm/go-cli/cmd/list.go:280.27,281.12 1 0
github.com/238855/rqm/go-cli/cmd/list.go:283.3,283.39 1 1
github.com/238855/rqm/go-cli/cmd/list.go:287.44,288.16 1 1
github.com/238855/rqm/go-cli/cmd/list.go:289.21,290.15 1 1
github.com/238855/rqm/go-cli/cmd/list.go:291.18,292.15 1 1
github.com/238855/rqm/go-cli/cmd/list.go:293.18,294.15 1 1
github.com/238855/rqm/go-cli/cmd/list.go:295.15,296.15 1 1
github.com/238855/rqm/go-cli/cmd/list.go:297.10,298.14 1 1
github.com/238855/rqm/go-cli/cmd/list.go:302.51,303.18 1 1
github.com/238855/rqm/go-cli/cmd/list.go:304.18,305.16 1 1
github.com/238855/rqm/go-cli/cmd/list.go:306.14,307.16 1 1
github.com/238855/rqm/go-cli/cmd/list.go:308.16,309.16 1 1
github.com/238855/rqm/go-cli/cmd/list.go:310.13,311.16 1 1
github.com/238855/rqm/go-cli/cmd/list.go:312.10,313.12 1 1
github.com/238855/rqm/go-cli/cmd/list.go:317.13,321.2 3 1
github.com/238855/rqm/go-cli/cmd/root.go:33.16,35.19 2 0
github.com/238855/rqm/go-cli/cmd/root.go:35.19,37.6 1 0
github.com/238855/rqm/go-cli/cmd/root.go:40.13,45.2 3 1
github.com/238855/rqm/go-cli/cmd/root.go:48.19,49.22 1 0
github.com/238855/rqm/go-cli/cmd/root.go:49.22,51.6 1 0
github.com/238855/rqm/go-cli/cmd/root.go:51.11,58.6 5 0
github.com/238855/rqm/go-cli/cmd/root.go:60.5,62.48 2 0
github.com/238855/rqm/go-cli/cmd/root.go:62.48,63.37 1 0
github.com/238855/rqm/go-cli/cmd/root.go:63.37,65.10 1 0
github.com/238855/rqm/go-cli/cmd/validate.go:35.54,38.3 2 0
github.com/238855/rqm/go-cli/cmd/validate.go:42.39,44.49 1 1
github.com/238855/rqm/go-cli/cmd/validate.go:44.49,46.3 1 1
github.com/238855/rqm/go-cli/cmd/validate.go:49.2,50.25 2 1
github.com/238855/rqm/go-cli/cmd/validate.go:50.25,52.3 1 0
github.com/238855/rqm/go-cli/cmd/validate.go:55.2,62.64 5 1
github.com/238855/rqm/go-cli/cmd/validate.go:62.64,64.3 1 0
github.com/238855/rqm/go-cli/cmd/validate.go:67.2,67.18 1 1
github.com/238855/rqm/go-cli/cmd/validate.go:67.18,74.3 6 1
github.com/238855/rqm/go-cli/cmd/validate.go:77.2,78.39 2 1
github.com/238855/rqm/go-cli/cmd/validate.go:78.39,80.3 1 1
github.com/238855/rqm/go-cli/cmd/validate.go:83.2,83.30 1 1
github.com/238855/rqm/go-cli/cmd/validate.go:83.30,85.43 2 0
github.com/238855/rqm/go-cli/cmd/validate.go:85.43,87.4 1 0
github.com/238855/rqm/go-cli/cmd/validate.go:90.2,90.77 1 1
github.com/238855/rqm/go-cli/cmd/validate.go:94.35,109.84 3 1
github.com/238855/rqm/go-cli/cmd/validate.go:109.84,111.34 2 1
github.com/238855/rqm/go-cli/cmd/validate.go:111.34,113.4 1 1
github.com/238855/rqm/go-cli/cmd/validate.go:114.3,117.4 1 1
github.com/238855/rqm/go-cli/cmd/validate.go:120.2,120.29 1 1
github.com/238855/rqm/go-cli/cmd/validate.go:120.29,122.17 2 1
github.com/238855/rqm/go-cli/cmd/validate.go:122.17,123.12 1 0
github.com/238855/rqm/go-cli/cmd/validate.go:125.3,125.45 1 1
github.com/238855/rqm/go-cli/cmd/validate.go:125.45,127.4 1 1
github.com/238855/rqm/go-cli/cmd/validate.go:130.2,130.11 1 0
github.com/238855/rqm/go-cli/cmd/validate.go:133.13,135.2 1 1
